<?xml version="1.0" encoding="UTF-8"?>
<!-- Generated by org.testng.reporters.JUnitReportReporter -->
<testsuite hostname="DESKTOP-2TGAK1H" failures="0" tests="3" name="day_22.LoginTest" time="0.073" errors="0" timestamp="2024-10-27T21:08:55 IST" skipped="0">
  <testcase classname="day_22.LoginTest" name="loginByMail" time="0.049"/>
  <system-out/>
  <testcase classname="day_22.LoginTest" name="loginByFB" time="0.014"/>
  <system-out/>
  <testcase classname="day_22.LoginTest" name="loginByX" time="0.010"/>
  <system-out/>
</testsuite> <!-- day_22.LoginTest -->
