<?xml version="1.0" encoding="UTF-8"?>
<!-- Generated by org.testng.reporters.JUnitReportReporter -->
<testsuite hostname="DESKTOP-2TGAK1H" failures="0" tests="4" name="day_20.OrangeHRM_Test" time="29.935" errors="0" timestamp="2024-10-24T22:06:43 IST" skipped="0">
  <testcase classname="day_20.OrangeHRM_Test" name="openapp" time="19.863"/>
  <system-out/>
  <testcase classname="day_20.OrangeHRM_Test" name="tesingLogo" time="4.144"/>
  <system-out/>
  <testcase classname="day_20.OrangeHRM_Test" name="testingLogin" time="5.180"/>
  <system-out/>
  <testcase classname="day_20.OrangeHRM_Test" name="closeapp" time="0.748"/>
  <system-out/>
</testsuite> <!-- day_20.OrangeHRM_Test -->
