<?xml version="1.0" encoding="UTF-8"?>
<!-- Generated by org.testng.reporters.JUnitReportReporter -->
<testsuite hostname="DESKTOP-2TGAK1H" failures="0" tests="2" name="day_21.pack.C2" time="0.101" errors="0" timestamp="2024-10-25T21:04:59 IST" skipped="0">
  <testcase classname="day_21.pack.C2" name="xyz" time="0.092"/>
  <system-out/>
  <testcase classname="day_21.pack.C2" name="xyz" time="0.009"/>
  <system-out/>
</testsuite> <!-- day_21.pack.C2 -->
