<?xml version="1.0" encoding="UTF-8"?>
<!-- Generated by org.testng.reporters.JUnitReportReporter -->
<testsuite hostname="DESKTOP-2TGAK1H" failures="0" tests="2" name="day_21.AllAnnotation" time="0.063" errors="0" timestamp="2024-10-25T21:16:29 IST" skipped="0">
  <testcase classname="day_21.AllAnnotation" name="tm1" time="0.041"/>
  <system-out/>
  <testcase classname="day_21.AllAnnotation" name="tm2" time="0.022"/>
  <system-out/>
</testsuite> <!-- day_21.AllAnnotation -->
