<?xml version="1.0" encoding="UTF-8"?>
<!-- Generated by org.testng.reporters.JUnitReportReporter -->
<testsuite hostname="DESKTOP-2TGAK1H" failures="0" tests="2" name="day_22.PaymentTest" time="0.068" errors="0" timestamp="2024-10-27T21:11:44 IST" skipped="0">
  <testcase classname="day_22.PaymentTest" name="paymentinRupees" time="0.052"/>
  <system-out/>
  <testcase classname="day_22.PaymentTest" name="paymentinDollars" time="0.016"/>
  <system-out/>
</testsuite> <!-- day_22.PaymentTest -->
