<?xml version="1.0" encoding="UTF-8"?>
<!-- Generated by org.testng.reporters.JUnitReportReporter -->
<testsuite hostname="DESKTOP-2TGAK1H" failures="0" tests="3" name="day_20.TestNG_TestCase" time="0.000" errors="0" timestamp="2024-10-24T22:04:31 IST" skipped="0">
  <testcase classname="day_20.TestNG_TestCase" name="openapp" time="0.000"/>
  <system-out/>
  <testcase classname="day_20.TestNG_TestCase" name="login" time="0.000"/>
  <system-out/>
  <testcase classname="day_20.TestNG_TestCase" name="logout" time="0.000"/>
  <system-out/>
</testsuite> <!-- day_20.TestNG_TestCase -->
