<?xml version="1.0" encoding="UTF-8"?>
<!-- Generated by org.testng.reporters.JUnitReportReporter -->
<testsuite hostname="DESKTOP-2TGAK1H" failures="0" tests="2" name="day_21.AnnotationDemo2" time="0.039" errors="0" timestamp="2024-10-27T21:35:21 IST" skipped="0">
  <testcase classname="day_21.AnnotationDemo2" name="search" time="0.029"/>
  <system-out/>
  <testcase classname="day_21.AnnotationDemo2" name="advanceSearch" time="0.010"/>
  <system-out/>
</testsuite> <!-- day_21.AnnotationDemo2 -->
