<?xml version="1.0" encoding="UTF-8"?>
<!-- Generated by org.testng.reporters.JUnitReportReporter -->
<testsuite hostname="DESKTOP-2TGAK1H" failures="0" tests="2" name="day_21.pack.AllAnnotation" time="0.057" errors="0" timestamp="2024-10-25T21:13:49 IST" skipped="0">
  <testcase classname="day_21.pack.AllAnnotation" name="tm1" time="0.035"/>
  <system-out/>
  <testcase classname="day_21.pack.AllAnnotation" name="tm2" time="0.022"/>
  <system-out/>
</testsuite> <!-- day_21.pack.AllAnnotation -->
