<?xml version="1.0" encoding="UTF-8"?>
<!-- Generated by org.testng.reporters.JUnitReportReporter -->
<testsuite hostname="DESKTOP-2TGAK1H" failures="0" tests="2" name="day_21.AnnotationDemo1" time="0.089" errors="0" timestamp="2024-10-27T21:33:03 IST" skipped="0">
  <testcase classname="day_21.AnnotationDemo1" name="search" time="0.069"/>
  <system-out/>
  <testcase classname="day_21.AnnotationDemo1" name="advanceSearch" time="0.020"/>
  <system-out/>
</testsuite> <!-- day_21.AnnotationDemo1 -->
