<?xml version="1.0" encoding="UTF-8"?>
<!-- Generated by org.testng.reporters.JUnitReportReporter -->
<testsuite hostname="DESKTOP-2TGAK1H" failures="0" tests="1" name="day_25.LoginTest" time="8.180" errors="0" timestamp="2024-10-31T20:21:03 IST" skipped="0">
  <testcase classname="day_25.LoginTest" name="TestLogin" time="8.180"/>
  <system-out/>
</testsuite> <!-- day_25.LoginTest -->
