<?xml version="1.0" encoding="UTF-8"?>
<!-- Generated by org.testng.reporters.JUnitReportReporter -->
<testsuite hostname="DESKTOP-2TGAK1H" failures="0" tests="3" name="day_22.SignUpTest" time="0.060" errors="0" timestamp="2024-10-27T21:07:25 IST" skipped="0">
  <testcase classname="day_22.SignUpTest" name="SignUpByMail" time="0.040"/>
  <system-out/>
  <testcase classname="day_22.SignUpTest" name="SignUpByFB" time="0.010"/>
  <system-out/>
  <testcase classname="day_22.SignUpTest" name="SignUpByX" time="0.010"/>
  <system-out/>
</testsuite> <!-- day_22.SignUpTest -->
